Arguments: 
  /usr/local/Cellar/node@16/16.18.0/bin/node /usr/local/Cellar/yarn/1.22.17_2/libexec/bin/yarn.js test

PATH: 
  /usr/local/opt/node@16/bin:/Users/fran.armijo/.rvm/gems/ruby-3.0.2/bin:/Users/fran.armijo/.rvm/gems/ruby-3.0.2@global/bin:/Users/fran.armijo/.rvm/rubies/ruby-3.0.2/bin:/Users/fran.armijo/.nvm/versions/node/v14.18.0/bin:/usr/local/bin:/usr/bin:/bin:/usr/sbin:/sbin:/usr/local/go/bin:/usr/local/munki:/Users/fran.armijo/.rvm/bin

Yarn version: 
  1.22.17

Node version: 
  16.18.0

Platform: 
  darwin x64

Trace: 
  SyntaxError: /Users/fran.armijo/Desktop/xingRepos/personal/Typescript-things/package.json: Unexpected token } in JSON at position 627
      at JSON.parse (<anonymous>)
      at /usr/local/Cellar/yarn/1.22.17_2/libexec/lib/cli.js:1625:59
      at Generator.next (<anonymous>)
      at step (/usr/local/Cellar/yarn/1.22.17_2/libexec/lib/cli.js:310:30)
      at /usr/local/Cellar/yarn/1.22.17_2/libexec/lib/cli.js:321:13

npm manifest: 
  {
    "name": "BasicTSTDDSetup",
    "version": "1.0.0",
    "main": "index.js",
    "license": "MIT",
    "scripts": {
      "test": "jest",
      "test:watch": "jest --watch",
      "test:cov": "jest --coverage",
      "test:debug": "node --inspect-brk -r tsconfig-paths/register -r ts-node/register node_modules/.bin/jest --runInBand"
    },
    "dependencies": {
      "@types/node": "^18.15.11",
      "jest": "^29.5.0",
      "ts-jest": "^29.1.0",
      "typescript": "^5.0.4"
    },
    "jest": {
      "moduleFileExtensions": [
        "js",
        "json",
        "ts"
      ],
      "rootDir": "src",
      "testRegex": ".*\\.spec\\.ts$",
      "transform": {
        "^.+\\.(t|j)s$": "ts-jest"
      },
      "collectCoverageFrom": [
        "**/*.(t|j)s"
      ],
      "coverageDirectory": "../coverage",
      "testEnvironment": "node"
    },
    "devDependencies": {
      "@types/jest": "^29.5.0"
    }
  }

yarn manifest: 
  No manifest

Lockfile: 
  No lockfile
